<?xml version="1.0" encoding="UTF-8"?>
<!-- Generated by org.testng.reporters.JUnitReportReporter -->
<testsuite skipped="0" hostname="Femila-PC" name="com.TestNG.FourTestNGFeatures" tests="1" failures="0" timestamp="21 Jul 2019 10:36:21 GMT" time="0.003" errors="0">
  <testcase name="loginTest" time="0.003" classname="com.TestNG.FourTestNGFeatures"/>
</testsuite> <!-- com.TestNG.FourTestNGFeatures -->
