<?xml version="1.0" encoding="UTF-8"?>
<!-- Generated by org.testng.reporters.JUnitReportReporter -->
<testsuite skipped="0" hostname="Femila-PC" name="com.TestNG.SixExceptionTimeoutTest" tests="1" failures="0" timestamp="21 Jul 2019 10:36:21 GMT" time="0.001" errors="0">
  <testcase name="test1" time="0.001" classname="com.TestNG.SixExceptionTimeoutTest"/>
</testsuite> <!-- com.TestNG.SixExceptionTimeoutTest -->
