<?xml version="1.0" encoding="UTF-8"?>
<!-- Generated by org.testng.reporters.JUnitReportReporter -->
<testsuite skipped="0" hostname="Femila-PC" name="com.TestNG.OneTestNGBasics" tests="3" failures="0" timestamp="21 Jul 2019 10:36:21 GMT" time="0.017" errors="0">
  <testcase name="searchTest" time="0.003" classname="com.TestNG.OneTestNGBasics"/>
  <testcase name="GoogleLogoTest" time="0.010" classname="com.TestNG.OneTestNGBasics"/>
  <testcase name="googleTitleTest" time="0.004" classname="com.TestNG.OneTestNGBasics"/>
</testsuite> <!-- com.TestNG.OneTestNGBasics -->
