<?xml version="1.0" encoding="UTF-8"?>
<!-- Generated by org.testng.reporters.JUnitReportReporter -->
<testsuite skipped="0" hostname="Femila-PC" name="com.TestNG.FiveInvocationCountTest" tests="10" failures="0" timestamp="21 Jul 2019 10:36:21 GMT" time="0.016" errors="0">
  <testcase name="sum" time="0.001" classname="com.TestNG.FiveInvocationCountTest"/>
  <testcase name="sum" time="0.002" classname="com.TestNG.FiveInvocationCountTest"/>
  <testcase name="sum" time="0.002" classname="com.TestNG.FiveInvocationCountTest"/>
  <testcase name="sum" time="0.002" classname="com.TestNG.FiveInvocationCountTest"/>
  <testcase name="sum" time="0.002" classname="com.TestNG.FiveInvocationCountTest"/>
  <testcase name="sum" time="0.002" classname="com.TestNG.FiveInvocationCountTest"/>
  <testcase name="sum" time="0.001" classname="com.TestNG.FiveInvocationCountTest"/>
  <testcase name="sum" time="0.001" classname="com.TestNG.FiveInvocationCountTest"/>
  <testcase name="sum" time="0.002" classname="com.TestNG.FiveInvocationCountTest"/>
  <testcase name="sum" time="0.001" classname="com.TestNG.FiveInvocationCountTest"/>
</testsuite> <!-- com.TestNG.FiveInvocationCountTest -->
